<?xml version="1.0" encoding="UTF-8"?>
<testsuite xmlns:xsi="http://www.w3.org/2001/XMLSchema-instance" xsi:noNamespaceSchemaLocation="https://maven.apache.org/surefire/maven-surefire-plugin/xsd/surefire-test-report.xsd" name="epf.ClientsTest" time="0.005" tests="2" errors="0" skipped="0" failures="0">
  <properties>
[...]
</properties>
  <testcase name="isLegal_should_return_false_when_id_is_under_0" classname="epf.ClientsTest" time="0.002"/>
  <testcase name="isLegal_should_return_true_when_id_is_over_1" classname="epf.ClientsTest" time="0.001"/>
</testsuite>